<?xml version="1.0" encoding="UTF-8" standalone="yes"?>
<ns2:test-suite start="1556132394217" stop="1556132613245" version="1.5.2" xmlns:ns2="urn:model.allure.qatools.yandex.ru">
    <name>Test mail (positive)</name>
    <description type="text"></description>
    <test-cases>
        <test-case start="1556132394218" stop="1556132403193" status="passed">
            <name>Open page</name>
            <title>Open page</title>
            <description type="text"></description>
            <steps>
                <step start="1556132394220" stop="1556132401374" status="passed">
                    <name>Given I am on a page</name>
                    <title>Given I am on a page</title>
                    <attachments/>
                    <steps>
                        <step start="1556132394221" stop="1556132401372" status="passed">
                            <name>openBrowserAndURL</name>
                            <attachments/>
                            <steps/>
                        </step>
                    </steps>
                </step>
                <step start="1556132401374" stop="1556132401569" status="passed">
                    <name>Then I see the enter button</name>
                    <title>Then I see the enter button</title>
                    <attachments/>
                    <steps>
                        <step start="1556132401377" stop="1556132401568" status="passed">
                            <name>enterbutton</name>
                            <attachments/>
                            <steps/>
                        </step>
                    </steps>
                </step>
                <step start="1556132401569" stop="1556132403193" status="passed">
                    <name>And I exit</name>
                    <title>And I exit</title>
                    <attachments/>
                    <steps>
                        <step start="1556132401571" stop="1556132403192" status="passed">
                            <name>exit</name>
                            <attachments/>
                            <steps/>
                        </step>
                    </steps>
                </step>
            </steps>
            <attachments/>
            <labels>
                <label name="story" value="Open page"/>
                <label name="feature" value="Test mail (positive)"/>
                <label name="host" value="Alexander-ПК"/>
                <label name="thread" value="5516@Alexander-ПК.main(1)"/>
                <label name="framework" value="CucumberJVM"/>
            </labels>
        </test-case>
        <test-case start="1556132403213" stop="1556132438590" status="passed">
            <name>Enter to account (correct)</name>
            <title>Enter to account (correct)</title>
            <description type="text"></description>
            <steps>
                <step start="1556132403213" stop="1556132415402" status="passed">
                    <name>Given I am on a page</name>
                    <title>Given I am on a page</title>
                    <attachments/>
                    <steps>
                        <step start="1556132403215" stop="1556132415402" status="passed">
                            <name>openBrowserAndURL</name>
                            <attachments/>
                            <steps/>
                        </step>
                    </steps>
                </step>
                <step start="1556132415403" stop="1556132415617" status="passed">
                    <name>Then I see the enter button</name>
                    <title>Then I see the enter button</title>
                    <attachments/>
                    <steps>
                        <step start="1556132415404" stop="1556132415616" status="passed">
                            <name>enterbutton</name>
                            <attachments/>
                            <steps/>
                        </step>
                    </steps>
                </step>
                <step start="1556132415620" stop="1556132417339" status="passed">
                    <name>When I input login and password</name>
                    <title>When I input login and password</title>
                    <attachments/>
                    <steps>
                        <step start="1556132415621" stop="1556132417338" status="passed">
                            <name>enterToAccountPage</name>
                            <attachments/>
                            <steps/>
                        </step>
                    </steps>
                </step>
                <step start="1556132417339" stop="1556132437898" status="passed">
                    <name>Then I enter to account</name>
                    <title>Then I enter to account</title>
                    <attachments/>
                    <steps>
                        <step start="1556132417341" stop="1556132437897" status="passed">
                            <name>enterSuccessfully</name>
                            <attachments/>
                            <steps/>
                        </step>
                    </steps>
                </step>
                <step start="1556132437898" stop="1556132438590" status="passed">
                    <name>And I exit</name>
                    <title>And I exit</title>
                    <attachments/>
                    <steps>
                        <step start="1556132437900" stop="1556132438590" status="passed">
                            <name>exit</name>
                            <attachments/>
                            <steps/>
                        </step>
                    </steps>
                </step>
            </steps>
            <attachments/>
            <labels>
                <label name="story" value="Enter to account (correct)"/>
                <label name="feature" value="Test mail (positive)"/>
                <label name="host" value="Alexander-ПК"/>
                <label name="thread" value="5516@Alexander-ПК.main(1)"/>
                <label name="framework" value="CucumberJVM"/>
            </labels>
        </test-case>
        <test-case start="1556132438594" stop="1556132471522" status="passed">
            <name>Exit to account</name>
            <title>Exit to account</title>
            <description type="text"></description>
            <steps>
                <step start="1556132438595" stop="1556132449019" status="passed">
                    <name>Given I am on a page</name>
                    <title>Given I am on a page</title>
                    <attachments/>
                    <steps>
                        <step start="1556132438597" stop="1556132449018" status="passed">
                            <name>openBrowserAndURL</name>
                            <attachments/>
                            <steps/>
                        </step>
                    </steps>
                </step>
                <step start="1556132449020" stop="1556132449142" status="passed">
                    <name>Then I see the enter button</name>
                    <title>Then I see the enter button</title>
                    <attachments/>
                    <steps>
                        <step start="1556132449022" stop="1556132449141" status="passed">
                            <name>enterbutton</name>
                            <attachments/>
                            <steps/>
                        </step>
                    </steps>
                </step>
                <step start="1556132449143" stop="1556132450081" status="passed">
                    <name>When I input login and password</name>
                    <title>When I input login and password</title>
                    <attachments/>
                    <steps>
                        <step start="1556132449144" stop="1556132450080" status="passed">
                            <name>enterToAccountPage</name>
                            <attachments/>
                            <steps/>
                        </step>
                    </steps>
                </step>
                <step start="1556132450082" stop="1556132467537" status="passed">
                    <name>Then I enter to account</name>
                    <title>Then I enter to account</title>
                    <attachments/>
                    <steps>
                        <step start="1556132450083" stop="1556132467536" status="passed">
                            <name>enterSuccessfully</name>
                            <attachments/>
                            <steps/>
                        </step>
                    </steps>
                </step>
                <step start="1556132467537" stop="1556132470071" status="passed">
                    <name>When I click at exit</name>
                    <title>When I click at exit</title>
                    <attachments/>
                    <steps>
                        <step start="1556132467543" stop="1556132470070" status="passed">
                            <name>exitFromAccountPage</name>
                            <attachments/>
                            <steps/>
                        </step>
                    </steps>
                </step>
                <step start="1556132470071" stop="1556132470579" status="passed">
                    <name>Then I see the enter button</name>
                    <title>Then I see the enter button</title>
                    <attachments/>
                    <steps>
                        <step start="1556132470093" stop="1556132470577" status="passed">
                            <name>enterbutton</name>
                            <attachments/>
                            <steps/>
                        </step>
                    </steps>
                </step>
                <step start="1556132470579" stop="1556132471522" status="passed">
                    <name>And I exit</name>
                    <title>And I exit</title>
                    <attachments/>
                    <steps>
                        <step start="1556132470580" stop="1556132471522" status="passed">
                            <name>exit</name>
                            <attachments/>
                            <steps/>
                        </step>
                    </steps>
                </step>
            </steps>
            <attachments/>
            <labels>
                <label name="story" value="Exit to account"/>
                <label name="feature" value="Test mail (positive)"/>
                <label name="host" value="Alexander-ПК"/>
                <label name="thread" value="5516@Alexander-ПК.main(1)"/>
                <label name="framework" value="CucumberJVM"/>
            </labels>
        </test-case>
        <test-case start="1556132471522" stop="1556132522332" status="passed">
            <name>Send message</name>
            <title>Send message</title>
            <description type="text"></description>
            <steps>
                <step start="1556132471522" stop="1556132483623" status="passed">
                    <name>Given I am on a page</name>
                    <title>Given I am on a page</title>
                    <attachments/>
                    <steps>
                        <step start="1556132471522" stop="1556132483622" status="passed">
                            <name>openBrowserAndURL</name>
                            <attachments/>
                            <steps/>
                        </step>
                    </steps>
                </step>
                <step start="1556132483623" stop="1556132483910" status="passed">
                    <name>Then I see the enter button</name>
                    <title>Then I see the enter button</title>
                    <attachments/>
                    <steps>
                        <step start="1556132483625" stop="1556132483909" status="passed">
                            <name>enterbutton</name>
                            <attachments/>
                            <steps/>
                        </step>
                    </steps>
                </step>
                <step start="1556132483911" stop="1556132486383" status="passed">
                    <name>When I input login and password</name>
                    <title>When I input login and password</title>
                    <attachments/>
                    <steps>
                        <step start="1556132483912" stop="1556132486381" status="passed">
                            <name>enterToAccountPage</name>
                            <attachments/>
                            <steps/>
                        </step>
                    </steps>
                </step>
                <step start="1556132486383" stop="1556132501605" status="passed">
                    <name>Then I enter to account</name>
                    <title>Then I enter to account</title>
                    <attachments/>
                    <steps>
                        <step start="1556132486385" stop="1556132501603" status="passed">
                            <name>enterSuccessfully</name>
                            <attachments/>
                            <steps/>
                        </step>
                    </steps>
                </step>
                <step start="1556132501605" stop="1556132507515" status="passed">
                    <name>When I send message</name>
                    <title>When I send message</title>
                    <attachments/>
                    <steps>
                        <step start="1556132501608" stop="1556132507514" status="passed">
                            <name>sendMessageCorrectPage</name>
                            <attachments/>
                            <steps/>
                        </step>
                    </steps>
                </step>
                <step start="1556132507515" stop="1556132521015" status="passed">
                    <name>Then I see message sent</name>
                    <title>Then I see message sent</title>
                    <attachments/>
                    <steps>
                        <step start="1556132507517" stop="1556132521013" status="passed">
                            <name>sentMessageSuccessfully</name>
                            <attachments/>
                            <steps/>
                        </step>
                    </steps>
                </step>
                <step start="1556132521015" stop="1556132522332" status="passed">
                    <name>And I exit</name>
                    <title>And I exit</title>
                    <attachments/>
                    <steps>
                        <step start="1556132521017" stop="1556132522332" status="passed">
                            <name>exit</name>
                            <attachments/>
                            <steps/>
                        </step>
                    </steps>
                </step>
            </steps>
            <attachments/>
            <labels>
                <label name="story" value="Send message"/>
                <label name="feature" value="Test mail (positive)"/>
                <label name="host" value="Alexander-ПК"/>
                <label name="thread" value="5516@Alexander-ПК.main(1)"/>
                <label name="framework" value="CucumberJVM"/>
            </labels>
        </test-case>
        <test-case start="1556132522332" stop="1556132551599" status="passed">
            <name>letter in spam</name>
            <title>letter in spam</title>
            <description type="text"></description>
            <steps>
                <step start="1556132522332" stop="1556132530678" status="passed">
                    <name>Given I am on a page</name>
                    <title>Given I am on a page</title>
                    <attachments/>
                    <steps>
                        <step start="1556132522332" stop="1556132530677" status="passed">
                            <name>openBrowserAndURL</name>
                            <attachments/>
                            <steps/>
                        </step>
                    </steps>
                </step>
                <step start="1556132530678" stop="1556132530830" status="passed">
                    <name>Then I see the enter button</name>
                    <title>Then I see the enter button</title>
                    <attachments/>
                    <steps>
                        <step start="1556132530680" stop="1556132530829" status="passed">
                            <name>enterbutton</name>
                            <attachments/>
                            <steps/>
                        </step>
                    </steps>
                </step>
                <step start="1556132530831" stop="1556132531576" status="passed">
                    <name>When I input login and password</name>
                    <title>When I input login and password</title>
                    <attachments/>
                    <steps>
                        <step start="1556132530832" stop="1556132531574" status="passed">
                            <name>enterToAccountPage</name>
                            <attachments/>
                            <steps/>
                        </step>
                    </steps>
                </step>
                <step start="1556132531576" stop="1556132547815" status="passed">
                    <name>Then I enter to account</name>
                    <title>Then I enter to account</title>
                    <attachments/>
                    <steps>
                        <step start="1556132531578" stop="1556132547814" status="passed">
                            <name>enterSuccessfully</name>
                            <attachments/>
                            <steps/>
                        </step>
                    </steps>
                </step>
                <step start="1556132547815" stop="1556132548337" status="passed">
                    <name>When I sent letter in Spam</name>
                    <title>When I sent letter in Spam</title>
                    <attachments/>
                    <steps>
                        <step start="1556132547817" stop="1556132548336" status="passed">
                            <name>letterInSpamPage</name>
                            <attachments/>
                            <steps/>
                        </step>
                    </steps>
                </step>
                <step start="1556132548338" stop="1556132550749" status="passed">
                    <name>Then I see that send/delete successully</name>
                    <title>Then I see that send/delete successully</title>
                    <attachments/>
                    <steps>
                        <step start="1556132548340" stop="1556132550748" status="passed">
                            <name>sentMessageInOutSuccessfylly</name>
                            <attachments/>
                            <steps/>
                        </step>
                    </steps>
                </step>
                <step start="1556132550749" stop="1556132551599" status="passed">
                    <name>And I exit</name>
                    <title>And I exit</title>
                    <attachments/>
                    <steps>
                        <step start="1556132550750" stop="1556132551599" status="passed">
                            <name>exit</name>
                            <attachments/>
                            <steps/>
                        </step>
                    </steps>
                </step>
            </steps>
            <attachments/>
            <labels>
                <label name="story" value="letter in spam"/>
                <label name="feature" value="Test mail (positive)"/>
                <label name="host" value="Alexander-ПК"/>
                <label name="thread" value="5516@Alexander-ПК.main(1)"/>
                <label name="framework" value="CucumberJVM"/>
            </labels>
        </test-case>
        <test-case start="1556132551599" stop="1556132577717" status="broken">
            <name>letter from spam</name>
            <title>letter from spam</title>
            <description type="text"></description>
            <failure>
                <message>WebDriverException: unknown error: Element &lt;div class="b-checkbox__box"&gt;&lt;/div&gt; is not clickable at point (6, 6). Other element would receive the click: &lt;td class="w-x-ph__col w-x-ph__col_left"&gt;...&lt;/td&gt;
  (Session info: chrome=73.0.3683.103)
  (Driver info: chromedriver=73.0.3683.68 (47787ec04b6e38e22703e856e101e840b65afe72),platform=Windows NT 6.1.7601 SP1 x86_64) (WARNING: The server did not provide any stacktrace information)
Command duration or timeout: 0 milliseconds
Build info: version: '3.141.59', revision: 'e82be7d358', time: '2018-11-14T08:17:03'
System info: host: 'ALEXANDER-ПК', ip: '192.168.100.5', os.name: 'Windows 7', os.arch: 'amd64', os.version: '6.1', java.version: '1.8.0_211'
Driver info: org.openqa.selenium.chrome.ChromeDriver
Capabilities {acceptInsecureCerts: false, acceptSslCerts: false, applicationCacheEnabled: false, browserConnectionEnabled: false, browserName: chrome, chrome: {chromedriverVersion: 73.0.3683.68 (47787ec04b6e3..., userDataDir: C:\Users\ALEXAN~1\AppData\L...}, cssSelectorsEnabled: true, databaseEnabled: false, goog:chromeOptions: {debuggerAddress: localhost:53675}, handlesAlerts: true, hasTouchScreen: false, javascriptEnabled: true, locationContextEnabled: true, mobileEmulationEnabled: false, nativeEvents: true, networkConnectionEnabled: false, pageLoadStrategy: normal, platform: XP, platformName: XP, proxy: Proxy(), rotatable: false, setWindowRect: true, strictFileInteractability: false, takesHeapSnapshot: true, takesScreenshot: true, timeouts: {implicit: 0, pageLoad: 300000, script: 30000}, unexpectedAlertBehaviour: ignore, unhandledPromptBehavior: ignore, version: 73.0.3683.103, webStorageEnabled: true}
Session ID: d70a2b60d4dbb260b412c589ab3bc6b9</message>
                <stack-trace>org.openqa.selenium.WebDriverException: unknown error: Element &lt;div class="b-checkbox__box"&gt;&lt;/div&gt; is not clickable at point (6, 6). Other element would receive the click: &lt;td class="w-x-ph__col w-x-ph__col_left"&gt;...&lt;/td&gt;
  (Session info: chrome=73.0.3683.103)
  (Driver info: chromedriver=73.0.3683.68 (47787ec04b6e38e22703e856e101e840b65afe72),platform=Windows NT 6.1.7601 SP1 x86_64) (WARNING: The server did not provide any stacktrace information)
Command duration or timeout: 0 milliseconds
Build info: version: '3.141.59', revision: 'e82be7d358', time: '2018-11-14T08:17:03'
System info: host: 'ALEXANDER-ПК', ip: '192.168.100.5', os.name: 'Windows 7', os.arch: 'amd64', os.version: '6.1', java.version: '1.8.0_211'
Driver info: org.openqa.selenium.chrome.ChromeDriver
Capabilities {acceptInsecureCerts: false, acceptSslCerts: false, applicationCacheEnabled: false, browserConnectionEnabled: false, browserName: chrome, chrome: {chromedriverVersion: 73.0.3683.68 (47787ec04b6e3..., userDataDir: C:\Users\ALEXAN~1\AppData\L...}, cssSelectorsEnabled: true, databaseEnabled: false, goog:chromeOptions: {debuggerAddress: localhost:53675}, handlesAlerts: true, hasTouchScreen: false, javascriptEnabled: true, locationContextEnabled: true, mobileEmulationEnabled: false, nativeEvents: true, networkConnectionEnabled: false, pageLoadStrategy: normal, platform: XP, platformName: XP, proxy: Proxy(), rotatable: false, setWindowRect: true, strictFileInteractability: false, takesHeapSnapshot: true, takesScreenshot: true, timeouts: {implicit: 0, pageLoad: 300000, script: 30000}, unexpectedAlertBehaviour: ignore, unhandledPromptBehavior: ignore, version: 73.0.3683.103, webStorageEnabled: true}
Session ID: d70a2b60d4dbb260b412c589ab3bc6b9
	at sun.reflect.NativeConstructorAccessorImpl.newInstance0(Native Method)
	at sun.reflect.NativeConstructorAccessorImpl.newInstance(NativeConstructorAccessorImpl.java:62)
	at sun.reflect.DelegatingConstructorAccessorImpl.newInstance(DelegatingConstructorAccessorImpl.java:45)
	at java.lang.reflect.Constructor.newInstance(Constructor.java:423)
	at org.openqa.selenium.remote.ErrorHandler.createThrowable(ErrorHandler.java:214)
	at org.openqa.selenium.remote.ErrorHandler.throwIfResponseFailed(ErrorHandler.java:166)
	at org.openqa.selenium.remote.http.JsonHttpResponseCodec.reconstructValue(JsonHttpResponseCodec.java:40)
	at org.openqa.selenium.remote.http.AbstractHttpResponseCodec.decode(AbstractHttpResponseCodec.java:80)
	at org.openqa.selenium.remote.http.AbstractHttpResponseCodec.decode(AbstractHttpResponseCodec.java:44)
	at org.openqa.selenium.remote.HttpCommandExecutor.execute(HttpCommandExecutor.java:158)
	at org.openqa.selenium.remote.service.DriverCommandExecutor.execute(DriverCommandExecutor.java:83)
	at org.openqa.selenium.remote.RemoteWebDriver.execute(RemoteWebDriver.java:552)
	at org.openqa.selenium.remote.RemoteWebElement.execute(RemoteWebElement.java:285)
	at org.openqa.selenium.remote.RemoteWebElement.click(RemoteWebElement.java:84)
	at framework.MailPage.LetterOutSpam(MailPage.java:129)
	at framework.TestSteps.LetterOutSpamPage(TestSteps.java:132)
	at ✽.When I sent letter from Spam(src/test/java/framework/Tests(positive).feature:53)
</stack-trace>
            </failure>
            <steps>
                <step start="1556132551599" stop="1556132560903" status="passed">
                    <name>Given I am on a page</name>
                    <title>Given I am on a page</title>
                    <steps>
                        <step start="1556132551599" stop="1556132560901" status="passed">
                            <name>openBrowserAndURL</name>
                        </step>
                    </steps>
                </step>
                <step start="1556132560903" stop="1556132561210" status="passed">
                    <name>Then I see the enter button</name>
                    <title>Then I see the enter button</title>
                    <steps>
                        <step start="1556132560905" stop="1556132561208" status="passed">
                            <name>enterbutton</name>
                        </step>
                    </steps>
                </step>
                <step start="1556132561210" stop="1556132562845" status="passed">
                    <name>When I input login and password</name>
                    <title>When I input login and password</title>
                    <steps>
                        <step start="1556132561212" stop="1556132562844" status="passed">
                            <name>enterToAccountPage</name>
                        </step>
                    </steps>
                </step>
                <step start="1556132562846" stop="1556132575776" status="passed">
                    <name>Then I enter to account</name>
                    <title>Then I enter to account</title>
                    <steps>
                        <step start="1556132562848" stop="1556132575776" status="passed">
                            <name>enterSuccessfully</name>
                        </step>
                    </steps>
                </step>
                <step start="1556132575776" stop="1556132577707" status="broken">
                    <name>When I sent letter from Spam</name>
                    <title>When I sent letter from Spam</title>
                    <steps>
                        <step start="1556132575786" stop="1556132577612" status="broken">
                            <name>LetterOutSpamPage</name>
                        </step>
                    </steps>
                </step>
                <step start="1556132577707" stop="1556132577707" status="canceled">
                    <name>Then I see that send/delete successully</name>
                    <title>Then I see that send/delete successully</title>
                </step>
                <step start="1556132577707" stop="1556132577717" status="canceled">
                    <name>And I exit</name>
                    <title>And I exit</title>
                </step>
            </steps>
            <attachments/>
            <labels>
                <label name="story" value="letter from spam"/>
                <label name="feature" value="Test mail (positive)"/>
                <label name="host" value="Alexander-ПК"/>
                <label name="thread" value="5516@Alexander-ПК.main(1)"/>
                <label name="framework" value="CucumberJVM"/>
            </labels>
        </test-case>
        <test-case start="1556132577717" stop="1556132584815" status="broken">
            <name>Delete letter</name>
            <title>Delete letter</title>
            <description type="text"></description>
            <failure>
                <message>StaleElementReferenceException: stale element reference: element is not attached to the page document
  (Session info: chrome=73.0.3683.103)
  (Driver info: chromedriver=73.0.3683.68 (47787ec04b6e38e22703e856e101e840b65afe72),platform=Windows NT 6.1.7601 SP1 x86_64) (WARNING: The server did not provide any stacktrace information)
Command duration or timeout: 0 milliseconds
For documentation on this error, please visit: https://www.seleniumhq.org/exceptions/stale_element_reference.html
Build info: version: '3.141.59', revision: 'e82be7d358', time: '2018-11-14T08:17:03'
System info: host: 'ALEXANDER-ПК', ip: '192.168.100.5', os.name: 'Windows 7', os.arch: 'amd64', os.version: '6.1', java.version: '1.8.0_211'
Driver info: org.openqa.selenium.chrome.ChromeDriver
Capabilities {acceptInsecureCerts: false, acceptSslCerts: false, applicationCacheEnabled: false, browserConnectionEnabled: false, browserName: chrome, chrome: {chromedriverVersion: 73.0.3683.68 (47787ec04b6e3..., userDataDir: C:\Users\ALEXAN~1\AppData\L...}, cssSelectorsEnabled: true, databaseEnabled: false, goog:chromeOptions: {debuggerAddress: localhost:53675}, handlesAlerts: true, hasTouchScreen: false, javascriptEnabled: true, locationContextEnabled: true, mobileEmulationEnabled: false, nativeEvents: true, networkConnectionEnabled: false, pageLoadStrategy: normal, platform: XP, platformName: XP, proxy: Proxy(), rotatable: false, setWindowRect: true, strictFileInteractability: false, takesHeapSnapshot: true, takesScreenshot: true, timeouts: {implicit: 0, pageLoad: 300000, script: 30000}, unexpectedAlertBehaviour: ignore, unhandledPromptBehavior: ignore, version: 73.0.3683.103, webStorageEnabled: true}
Session ID: d70a2b60d4dbb260b412c589ab3bc6b9</message>
                <stack-trace>org.openqa.selenium.StaleElementReferenceException: stale element reference: element is not attached to the page document
  (Session info: chrome=73.0.3683.103)
  (Driver info: chromedriver=73.0.3683.68 (47787ec04b6e38e22703e856e101e840b65afe72),platform=Windows NT 6.1.7601 SP1 x86_64) (WARNING: The server did not provide any stacktrace information)
Command duration or timeout: 0 milliseconds
For documentation on this error, please visit: https://www.seleniumhq.org/exceptions/stale_element_reference.html
Build info: version: '3.141.59', revision: 'e82be7d358', time: '2018-11-14T08:17:03'
System info: host: 'ALEXANDER-ПК', ip: '192.168.100.5', os.name: 'Windows 7', os.arch: 'amd64', os.version: '6.1', java.version: '1.8.0_211'
Driver info: org.openqa.selenium.chrome.ChromeDriver
Capabilities {acceptInsecureCerts: false, acceptSslCerts: false, applicationCacheEnabled: false, browserConnectionEnabled: false, browserName: chrome, chrome: {chromedriverVersion: 73.0.3683.68 (47787ec04b6e3..., userDataDir: C:\Users\ALEXAN~1\AppData\L...}, cssSelectorsEnabled: true, databaseEnabled: false, goog:chromeOptions: {debuggerAddress: localhost:53675}, handlesAlerts: true, hasTouchScreen: false, javascriptEnabled: true, locationContextEnabled: true, mobileEmulationEnabled: false, nativeEvents: true, networkConnectionEnabled: false, pageLoadStrategy: normal, platform: XP, platformName: XP, proxy: Proxy(), rotatable: false, setWindowRect: true, strictFileInteractability: false, takesHeapSnapshot: true, takesScreenshot: true, timeouts: {implicit: 0, pageLoad: 300000, script: 30000}, unexpectedAlertBehaviour: ignore, unhandledPromptBehavior: ignore, version: 73.0.3683.103, webStorageEnabled: true}
Session ID: d70a2b60d4dbb260b412c589ab3bc6b9
	at sun.reflect.NativeConstructorAccessorImpl.newInstance0(Native Method)
	at sun.reflect.NativeConstructorAccessorImpl.newInstance(NativeConstructorAccessorImpl.java:62)
	at sun.reflect.DelegatingConstructorAccessorImpl.newInstance(DelegatingConstructorAccessorImpl.java:45)
	at java.lang.reflect.Constructor.newInstance(Constructor.java:423)
	at org.openqa.selenium.remote.ErrorHandler.createThrowable(ErrorHandler.java:214)
	at org.openqa.selenium.remote.ErrorHandler.throwIfResponseFailed(ErrorHandler.java:166)
	at org.openqa.selenium.remote.http.JsonHttpResponseCodec.reconstructValue(JsonHttpResponseCodec.java:40)
	at org.openqa.selenium.remote.http.AbstractHttpResponseCodec.decode(AbstractHttpResponseCodec.java:80)
	at org.openqa.selenium.remote.http.AbstractHttpResponseCodec.decode(AbstractHttpResponseCodec.java:44)
	at org.openqa.selenium.remote.HttpCommandExecutor.execute(HttpCommandExecutor.java:158)
	at org.openqa.selenium.remote.service.DriverCommandExecutor.execute(DriverCommandExecutor.java:83)
	at org.openqa.selenium.remote.RemoteWebDriver.execute(RemoteWebDriver.java:552)
	at org.openqa.selenium.remote.RemoteWebElement.execute(RemoteWebElement.java:285)
	at org.openqa.selenium.remote.RemoteWebElement.isDisplayed(RemoteWebElement.java:326)
	at sun.reflect.GeneratedMethodAccessor17.invoke(Unknown Source)
	at sun.reflect.DelegatingMethodAccessorImpl.invoke(DelegatingMethodAccessorImpl.java:43)
	at java.lang.reflect.Method.invoke(Method.java:498)
	at org.openqa.selenium.support.pagefactory.internal.LocatingElementHandler.invoke(LocatingElementHandler.java:51)
	at com.sun.proxy.$Proxy34.isDisplayed(Unknown Source)
	at org.openqa.selenium.support.ui.ExpectedConditions.elementIfVisible(ExpectedConditions.java:314)
	at org.openqa.selenium.support.ui.ExpectedConditions.access$000(ExpectedConditions.java:43)
	at org.openqa.selenium.support.ui.ExpectedConditions$10.apply(ExpectedConditions.java:300)
	at org.openqa.selenium.support.ui.ExpectedConditions$10.apply(ExpectedConditions.java:297)
	at org.openqa.selenium.support.ui.FluentWait.until(FluentWait.java:249)
	at framework.MailPage.whatWait(MailPage.java:168)
	at framework.TestSteps.enterbutton(TestSteps.java:41)
	at ✽.Then I see the enter button(src/test/java/framework/Tests(positive).feature:60)
</stack-trace>
            </failure>
            <steps>
                <step start="1556132577717" stop="1556132581796" status="passed">
                    <name>Given I am on a page</name>
                    <title>Given I am on a page</title>
                    <steps>
                        <step start="1556132577717" stop="1556132581794" status="passed">
                            <name>openBrowserAndURL</name>
                        </step>
                    </steps>
                </step>
                <step start="1556132581797" stop="1556132584808" status="broken">
                    <name>Then I see the enter button</name>
                    <title>Then I see the enter button</title>
                    <steps>
                        <step start="1556132581799" stop="1556132584805" status="broken">
                            <name>enterbutton</name>
                        </step>
                    </steps>
                </step>
                <step start="1556132584808" stop="1556132584810" status="canceled">
                    <name>When I input login and password</name>
                    <title>When I input login and password</title>
                </step>
                <step start="1556132584810" stop="1556132584811" status="canceled">
                    <name>Then I enter to account</name>
                    <title>Then I enter to account</title>
                </step>
                <step start="1556132584811" stop="1556132584812" status="canceled">
                    <name>When I delete letter</name>
                    <title>When I delete letter</title>
                </step>
                <step start="1556132584813" stop="1556132584814" status="canceled">
                    <name>Then I see that send/delete successully</name>
                    <title>Then I see that send/delete successully</title>
                </step>
                <step start="1556132584814" stop="1556132584815" status="canceled">
                    <name>And I exit</name>
                    <title>And I exit</title>
                </step>
            </steps>
            <attachments/>
            <labels>
                <label name="story" value="Delete letter"/>
                <label name="feature" value="Test mail (positive)"/>
                <label name="host" value="Alexander-ПК"/>
                <label name="thread" value="5516@Alexander-ПК.main(1)"/>
                <label name="framework" value="CucumberJVM"/>
            </labels>
        </test-case>
        <test-case start="1556132584819" stop="1556132613244" status="broken">
            <name>Open new letter</name>
            <title>Open new letter</title>
            <description type="text"></description>
            <failure>
                <message>TimeoutException: Expected condition failed: waiting for visibility of Proxy element for: DefaultElementLocator 'By.xpath: //a[@data-bem="b-toolbar__btn"]' (tried for 25 second(s) with 500 milliseconds interval)</message>
                <stack-trace>org.openqa.selenium.TimeoutException: Expected condition failed: waiting for visibility of Proxy element for: DefaultElementLocator 'By.xpath: //a[@data-bem="b-toolbar__btn"]' (tried for 25 second(s) with 500 milliseconds interval)
	at org.openqa.selenium.support.ui.WebDriverWait.timeoutException(WebDriverWait.java:95)
	at org.openqa.selenium.support.ui.FluentWait.until(FluentWait.java:272)
	at framework.MailPage.whatWait(MailPage.java:168)
	at framework.TestSteps.enterSuccessfully(TestSteps.java:69)
	at ✽.Then I enter to account(src/test/java/framework/Tests(positive).feature:71)
Caused by: org.openqa.selenium.NoSuchElementException: no such element: Unable to locate element: {"method":"xpath","selector":"//a[@data-bem="b-toolbar__btn"]"}
  (Session info: chrome=73.0.3683.103)
  (Driver info: chromedriver=73.0.3683.68 (47787ec04b6e38e22703e856e101e840b65afe72),platform=Windows NT 6.1.7601 SP1 x86_64) (WARNING: The server did not provide any stacktrace information)
Command duration or timeout: 0 milliseconds
For documentation on this error, please visit: https://www.seleniumhq.org/exceptions/no_such_element.html
Build info: version: '3.141.59', revision: 'e82be7d358', time: '2018-11-14T08:17:03'
System info: host: 'ALEXANDER-ПК', ip: '192.168.100.5', os.name: 'Windows 7', os.arch: 'amd64', os.version: '6.1', java.version: '1.8.0_211'
Driver info: org.openqa.selenium.chrome.ChromeDriver
Capabilities {acceptInsecureCerts: false, acceptSslCerts: false, applicationCacheEnabled: false, browserConnectionEnabled: false, browserName: chrome, chrome: {chromedriverVersion: 73.0.3683.68 (47787ec04b6e3..., userDataDir: C:\Users\ALEXAN~1\AppData\L...}, cssSelectorsEnabled: true, databaseEnabled: false, goog:chromeOptions: {debuggerAddress: localhost:53675}, handlesAlerts: true, hasTouchScreen: false, javascriptEnabled: true, locationContextEnabled: true, mobileEmulationEnabled: false, nativeEvents: true, networkConnectionEnabled: false, pageLoadStrategy: normal, platform: XP, platformName: XP, proxy: Proxy(), rotatable: false, setWindowRect: true, strictFileInteractability: false, takesHeapSnapshot: true, takesScreenshot: true, timeouts: {implicit: 0, pageLoad: 300000, script: 30000}, unexpectedAlertBehaviour: ignore, unhandledPromptBehavior: ignore, version: 73.0.3683.103, webStorageEnabled: true}
Session ID: d70a2b60d4dbb260b412c589ab3bc6b9
*** Element info: {Using=xpath, value=//a[@data-bem="b-toolbar__btn"]}
	at sun.reflect.GeneratedConstructorAccessor25.newInstance(Unknown Source)
	at sun.reflect.DelegatingConstructorAccessorImpl.newInstance(DelegatingConstructorAccessorImpl.java:45)
	at java.lang.reflect.Constructor.newInstance(Constructor.java:423)
	at org.openqa.selenium.remote.ErrorHandler.createThrowable(ErrorHandler.java:214)
	at org.openqa.selenium.remote.ErrorHandler.throwIfResponseFailed(ErrorHandler.java:166)
	at org.openqa.selenium.remote.http.JsonHttpResponseCodec.reconstructValue(JsonHttpResponseCodec.java:40)
	at org.openqa.selenium.remote.http.AbstractHttpResponseCodec.decode(AbstractHttpResponseCodec.java:80)
	at org.openqa.selenium.remote.http.AbstractHttpResponseCodec.decode(AbstractHttpResponseCodec.java:44)
	at org.openqa.selenium.remote.HttpCommandExecutor.execute(HttpCommandExecutor.java:158)
	at org.openqa.selenium.remote.service.DriverCommandExecutor.execute(DriverCommandExecutor.java:83)
	at org.openqa.selenium.remote.RemoteWebDriver.execute(RemoteWebDriver.java:552)
	at org.openqa.selenium.remote.RemoteWebDriver.findElement(RemoteWebDriver.java:323)
	at org.openqa.selenium.remote.RemoteWebDriver.findElementByXPath(RemoteWebDriver.java:428)
	at org.openqa.selenium.By$ByXPath.findElement(By.java:353)
	at org.openqa.selenium.remote.RemoteWebDriver.findElement(RemoteWebDriver.java:315)
	at org.openqa.selenium.support.pagefactory.DefaultElementLocator.findElement(DefaultElementLocator.java:69)
	at org.openqa.selenium.support.pagefactory.internal.LocatingElementHandler.invoke(LocatingElementHandler.java:38)
	at com.sun.proxy.$Proxy34.isDisplayed(Unknown Source)
	at org.openqa.selenium.support.ui.ExpectedConditions.elementIfVisible(ExpectedConditions.java:314)
	at org.openqa.selenium.support.ui.ExpectedConditions.access$000(ExpectedConditions.java:43)
	at org.openqa.selenium.support.ui.ExpectedConditions$10.apply(ExpectedConditions.java:300)
	at org.openqa.selenium.support.ui.ExpectedConditions$10.apply(ExpectedConditions.java:297)
	at org.openqa.selenium.support.ui.FluentWait.until(FluentWait.java:249)
	at framework.MailPage.whatWait(MailPage.java:168)
	at framework.TestSteps.enterSuccessfully(TestSteps.java:69)
	at sun.reflect.NativeMethodAccessorImpl.invoke0(Native Method)
	at sun.reflect.NativeMethodAccessorImpl.invoke(NativeMethodAccessorImpl.java:62)
	at sun.reflect.DelegatingMethodAccessorImpl.invoke(DelegatingMethodAccessorImpl.java:43)
	at java.lang.reflect.Method.invoke(Method.java:498)
	at cucumber.runtime.Utils$1.call(Utils.java:40)
	at cucumber.runtime.Timeout.timeout(Timeout.java:16)
	at cucumber.runtime.Utils.invoke(Utils.java:34)
	at cucumber.runtime.java.JavaStepDefinition.execute(JavaStepDefinition.java:38)
	at cucumber.runtime.StepDefinitionMatch.runStep(StepDefinitionMatch.java:37)
	at cucumber.runtime.Runtime.runStep(Runtime.java:300)
	at cucumber.runtime.model.StepContainer.runStep(StepContainer.java:44)
	at cucumber.runtime.model.StepContainer.runSteps(StepContainer.java:39)
	at cucumber.runtime.model.CucumberScenario.run(CucumberScenario.java:44)
	at cucumber.runtime.junit.ExecutionUnitRunner.run(ExecutionUnitRunner.java:102)
	at cucumber.runtime.junit.FeatureRunner.runChild(FeatureRunner.java:63)
	at cucumber.runtime.junit.FeatureRunner.runChild(FeatureRunner.java:18)
	at org.junit.runners.ParentRunner$3.run(ParentRunner.java:238)
	at org.junit.runners.ParentRunner$1.schedule(ParentRunner.java:63)
	at org.junit.runners.ParentRunner.runChildren(ParentRunner.java:236)
	at org.junit.runners.ParentRunner.access$000(ParentRunner.java:53)
	at org.junit.runners.ParentRunner$2.evaluate(ParentRunner.java:229)
	at org.junit.runners.ParentRunner.run(ParentRunner.java:309)
	at cucumber.runtime.junit.FeatureRunner.run(FeatureRunner.java:70)
	at cucumber.api.junit.Cucumber.runChild(Cucumber.java:95)
	at cucumber.api.junit.Cucumber.runChild(Cucumber.java:38)
	at org.junit.runners.ParentRunner$3.run(ParentRunner.java:238)
	at org.junit.runners.ParentRunner$1.schedule(ParentRunner.java:63)
	at org.junit.runners.ParentRunner.runChildren(ParentRunner.java:236)
	at org.junit.runners.ParentRunner.access$000(ParentRunner.java:53)
	at org.junit.runners.ParentRunner$2.evaluate(ParentRunner.java:229)
	at org.junit.runners.ParentRunner.run(ParentRunner.java:309)
	at cucumber.api.junit.Cucumber.run(Cucumber.java:100)
	at org.junit.runner.JUnitCore.run(JUnitCore.java:160)
	at org.junit.runner.JUnitCore.run(JUnitCore.java:138)
	at org.testng.junit.JUnit4TestRunner.start(JUnit4TestRunner.java:81)
	at org.testng.junit.JUnit4TestRunner.run(JUnit4TestRunner.java:69)
	at org.testng.TestRunner$1.run(TestRunner.java:697)
	at org.testng.TestRunner.runJUnitWorkers(TestRunner.java:1004)
	at org.testng.TestRunner.privateRunJUnit(TestRunner.java:728)
	at org.testng.TestRunner.run(TestRunner.java:629)
	at org.testng.SuiteRunner.runTest(SuiteRunner.java:366)
	at org.testng.SuiteRunner.runSequentially(SuiteRunner.java:361)
	at org.testng.SuiteRunner.privateRun(SuiteRunner.java:319)
	at org.testng.SuiteRunner.run(SuiteRunner.java:268)
	at org.testng.SuiteRunnerWorker.runSuite(SuiteRunnerWorker.java:52)
	at org.testng.SuiteRunnerWorker.run(SuiteRunnerWorker.java:86)
	at org.testng.TestNG.runSuitesSequentially(TestNG.java:1244)
	at org.testng.TestNG.runSuitesLocally(TestNG.java:1169)
	at org.testng.TestNG.run(TestNG.java:1064)
	at org.apache.maven.surefire.testng.TestNGExecutor.run(TestNGExecutor.java:132)
	at org.apache.maven.surefire.testng.TestNGDirectoryTestSuite.executeSingleClass(TestNGDirectoryTestSuite.java:112)
	at org.apache.maven.surefire.testng.TestNGDirectoryTestSuite.execute(TestNGDirectoryTestSuite.java:99)
	at org.apache.maven.surefire.testng.TestNGProvider.invoke(TestNGProvider.java:147)
	at org.apache.maven.surefire.booter.ForkedBooter.invokeProviderInSameClassLoader(ForkedBooter.java:290)
	at org.apache.maven.surefire.booter.ForkedBooter.runSuitesInProcess(ForkedBooter.java:242)
	at org.apache.maven.surefire.booter.ForkedBooter.main(ForkedBooter.java:121)
</stack-trace>
            </failure>
            <steps>
                <step start="1556132584819" stop="1556132586855" status="passed">
                    <name>Given I am on a page</name>
                    <title>Given I am on a page</title>
                    <steps>
                        <step start="1556132584820" stop="1556132586853" status="passed">
                            <name>openBrowserAndURL</name>
                        </step>
                    </steps>
                </step>
                <step start="1556132586855" stop="1556132586991" status="passed">
                    <name>Then I see the enter button</name>
                    <title>Then I see the enter button</title>
                    <steps>
                        <step start="1556132586857" stop="1556132586990" status="passed">
                            <name>enterbutton</name>
                        </step>
                    </steps>
                </step>
                <step start="1556132586991" stop="1556132587780" status="passed">
                    <name>When I input login and password</name>
                    <title>When I input login and password</title>
                    <steps>
                        <step start="1556132586992" stop="1556132587779" status="passed">
                            <name>enterToAccountPage</name>
                        </step>
                    </steps>
                </step>
                <step start="1556132587780" stop="1556132613240" status="broken">
                    <name>Then I enter to account</name>
                    <title>Then I enter to account</title>
                    <steps>
                        <step start="1556132587783" stop="1556132613237" status="broken">
                            <name>enterSuccessfully</name>
                        </step>
                    </steps>
                </step>
                <step start="1556132613241" stop="1556132613242" status="canceled">
                    <name>When I check new letter</name>
                    <title>When I check new letter</title>
                </step>
                <step start="1556132613242" stop="1556132613243" status="canceled">
                    <name>Then I see that head's letter</name>
                    <title>Then I see that head's letter</title>
                </step>
                <step start="1556132613243" stop="1556132613244" status="canceled">
                    <name>And I exit</name>
                    <title>And I exit</title>
                </step>
            </steps>
            <attachments/>
            <labels>
                <label name="story" value="Open new letter"/>
                <label name="feature" value="Test mail (positive)"/>
                <label name="host" value="Alexander-ПК"/>
                <label name="thread" value="5516@Alexander-ПК.main(1)"/>
                <label name="framework" value="CucumberJVM"/>
            </labels>
        </test-case>
    </test-cases>
    <labels>
        <label name="feature" value="Test mail (positive)"/>
        <label name="language" value="JAVA"/>
    </labels>
</ns2:test-suite>
